0 info it worked if it ends with ok
1 verbose cli [ '/usr/local/bin/node',
1 verbose cli   '/usr/local/bin/npm',
1 verbose cli   'install',
1 verbose cli   '-g',
1 verbose cli   'mongo-hacker' ]
2 info using npm@3.10.8
3 info using node@v6.8.1
4 silly loadCurrentTree Starting
5 silly install loadCurrentTree
6 silly install readGlobalPackageData
7 silly fetchPackageMetaData mongo-hacker
8 silly fetchNamedPackageData mongo-hacker
9 silly mapToRegistry name mongo-hacker
10 silly mapToRegistry using default registry
11 silly mapToRegistry registry https://registry.npmjs.org/
12 silly mapToRegistry data Result {
12 silly mapToRegistry   raw: 'mongo-hacker',
12 silly mapToRegistry   scope: null,
12 silly mapToRegistry   escapedName: 'mongo-hacker',
12 silly mapToRegistry   name: 'mongo-hacker',
12 silly mapToRegistry   rawSpec: '',
12 silly mapToRegistry   spec: 'latest',
12 silly mapToRegistry   type: 'tag' }
13 silly mapToRegistry uri https://registry.npmjs.org/mongo-hacker
14 verbose request uri https://registry.npmjs.org/mongo-hacker
15 verbose request no auth needed
16 info attempt registry request try #1 at 17:50:33
17 verbose request id fb0546b454c64f6c
18 verbose etag "67NLT8UA1F116TLWG9IHV4F5U"
19 http request GET https://registry.npmjs.org/mongo-hacker
20 http 304 https://registry.npmjs.org/mongo-hacker
21 verbose headers { date: 'Wed, 26 Oct 2016 19:50:33 GMT',
21 verbose headers   via: '1.1 varnish',
21 verbose headers   'cache-control': 'max-age=300',
21 verbose headers   etag: '"67NLT8UA1F116TLWG9IHV4F5U"',
21 verbose headers   age: '18',
21 verbose headers   connection: 'keep-alive',
21 verbose headers   'x-served-by': 'cache-gru7126-GRU',
21 verbose headers   'x-cache': 'HIT',
21 verbose headers   'x-cache-hits': '1',
21 verbose headers   'x-timer': 'S1477511433.769406,VS0,VE0',
21 verbose headers   vary: 'Accept-Encoding' }
22 silly get cb [ 304,
22 silly get   { date: 'Wed, 26 Oct 2016 19:50:33 GMT',
22 silly get     via: '1.1 varnish',
22 silly get     'cache-control': 'max-age=300',
22 silly get     etag: '"67NLT8UA1F116TLWG9IHV4F5U"',
22 silly get     age: '18',
22 silly get     connection: 'keep-alive',
22 silly get     'x-served-by': 'cache-gru7126-GRU',
22 silly get     'x-cache': 'HIT',
22 silly get     'x-cache-hits': '1',
22 silly get     'x-timer': 'S1477511433.769406,VS0,VE0',
22 silly get     vary: 'Accept-Encoding' } ]
23 verbose etag https://registry.npmjs.org/mongo-hacker from cache
24 verbose get saving mongo-hacker to /home/victor/.npm/registry.npmjs.org/mongo-hacker/.cache.json
25 verbose correctMkdir /home/victor/.npm correctMkdir not in flight; initializing
26 silly install normalizeTree
27 silly loadCurrentTree Finishing
28 silly loadIdealTree Starting
29 silly install loadIdealTree
30 silly cloneCurrentTree Starting
31 silly install cloneCurrentTreeToIdealTree
32 silly cloneCurrentTree Finishing
33 silly loadShrinkwrap Starting
34 silly install loadShrinkwrap
35 silly loadShrinkwrap Finishing
36 silly loadAllDepsIntoIdealTree Starting
37 silly install loadAllDepsIntoIdealTree
38 silly resolveWithNewModule mongo-hacker@0.0.14 checking installable status
39 silly cache add args [ 'mongo-hacker', null ]
40 verbose cache add spec mongo-hacker
41 silly cache add parsed spec Result {
41 silly cache add   raw: 'mongo-hacker',
41 silly cache add   scope: null,
41 silly cache add   escapedName: 'mongo-hacker',
41 silly cache add   name: 'mongo-hacker',
41 silly cache add   rawSpec: '',
41 silly cache add   spec: 'latest',
41 silly cache add   type: 'tag' }
42 silly addNamed mongo-hacker@latest
43 verbose addNamed "latest" is being treated as a dist-tag for mongo-hacker
44 info addNameTag [ 'mongo-hacker', 'latest' ]
45 silly mapToRegistry name mongo-hacker
46 silly mapToRegistry using default registry
47 silly mapToRegistry registry https://registry.npmjs.org/
48 silly mapToRegistry data Result {
48 silly mapToRegistry   raw: 'mongo-hacker',
48 silly mapToRegistry   scope: null,
48 silly mapToRegistry   escapedName: 'mongo-hacker',
48 silly mapToRegistry   name: 'mongo-hacker',
48 silly mapToRegistry   rawSpec: '',
48 silly mapToRegistry   spec: 'latest',
48 silly mapToRegistry   type: 'tag' }
49 silly mapToRegistry uri https://registry.npmjs.org/mongo-hacker
50 verbose addNameTag registry:https://registry.npmjs.org/mongo-hacker not in flight; fetching
51 verbose get https://registry.npmjs.org/mongo-hacker not expired, no request
52 silly addNameTag next cb for mongo-hacker with tag latest
53 silly addNamed mongo-hacker@0.0.14
54 verbose addNamed "0.0.14" is a plain semver version for mongo-hacker
55 silly cache afterAdd mongo-hacker@0.0.14
56 verbose afterAdd /home/victor/.npm/mongo-hacker/0.0.14/package/package.json not in flight; writing
57 verbose correctMkdir /home/victor/.npm correctMkdir not in flight; initializing
58 verbose afterAdd /home/victor/.npm/mongo-hacker/0.0.14/package/package.json written
59 silly loadAllDepsIntoIdealTree Finishing
60 silly loadIdealTree Finishing
61 silly currentTree lib
62 silly idealTree lib
62 silly idealTree └── mongo-hacker@0.0.14
63 silly generateActionsToTake Starting
64 silly install generateActionsToTake
65 silly generateActionsToTake Finishing
66 silly diffTrees action count 1
67 silly diffTrees add mongo-hacker@0.0.14
68 silly decomposeActions action count 8
69 silly decomposeActions fetch mongo-hacker@0.0.14
70 silly decomposeActions extract mongo-hacker@0.0.14
71 silly decomposeActions test mongo-hacker@0.0.14
72 silly decomposeActions preinstall mongo-hacker@0.0.14
73 silly decomposeActions build mongo-hacker@0.0.14
74 silly decomposeActions install mongo-hacker@0.0.14
75 silly decomposeActions postinstall mongo-hacker@0.0.14
76 silly decomposeActions finalize mongo-hacker@0.0.14
77 silly runTopLevelLifecycles Starting
78 silly executeActions Starting
79 silly install executeActions
80 silly doSerial global-install 0
81 silly doParallel fetch 1
82 verbose correctMkdir /home/victor/.npm/_locks correctMkdir not in flight; initializing
83 verbose lock using /home/victor/.npm/_locks/staging-3a08f0df5026584d.lock for /usr/local/lib/node_modules/.staging
84 silly doParallel extract 1
85 silly extract mongo-hacker@0.0.14
86 verbose unbuild lib/node_modules/.staging/mongo-hacker-2e9869c3
87 silly gentlyRm /usr/local/lib/node_modules/.staging/mongo-hacker-2e9869c3 is being purged from base /usr/local
88 verbose gentlyRm don't care about contents; nuking /usr/local/lib/node_modules/.staging/mongo-hacker-2e9869c3
89 verbose tar unpack /home/victor/.npm/mongo-hacker/0.0.14/package.tgz
90 verbose tar unpacking to /usr/local/lib/node_modules/.staging/mongo-hacker-2e9869c3
91 silly gentlyRm /usr/local/lib/node_modules/.staging/mongo-hacker-2e9869c3 is being purged
92 verbose gentlyRm don't care about contents; nuking /usr/local/lib/node_modules/.staging/mongo-hacker-2e9869c3
93 silly gunzTarPerm modes [ '755', '644' ]
94 silly gunzTarPerm extractEntry package.json
95 silly gunzTarPerm extractEntry .npmignore
96 silly gunzTarPerm extractEntry README.md
97 silly gunzTarPerm extractEntry LICENSE
98 silly gunzTarPerm extractEntry base.js
99 silly gunzTarPerm extractEntry config.js
100 silly gunzTarPerm extractEntry Makefile
101 silly gunzTarPerm extractEntry hacks/aggregation.js
102 silly gunzTarPerm extractEntry hacks/common.js
103 silly gunzTarPerm extractEntry hacks/count.js
104 silly gunzTarPerm extractEntry hacks/dbref.js
105 silly gunzTarPerm extractEntry hacks/find_and_modify.js
106 silly gunzTarPerm extractEntry hacks/color.js
107 silly gunzTarPerm extractEntry hacks/index_paranoia.js
108 silly gunzTarPerm extractEntry hacks/old_aggregation.js
109 silly gunzTarPerm extractEntry hacks/prompt.js
110 silly gunzTarPerm extractEntry hacks/randomise.js
111 silly gunzTarPerm extractEntry hacks/sh_status.js
112 silly gunzTarPerm extractEntry hacks/cmd_search.js
113 silly gunzTarPerm extractEntry hacks/show.js
114 silly gunzTarPerm extractEntry hacks/auto_complete.js
115 silly gunzTarPerm extractEntry hacks/uuid.js
116 silly gunzTarPerm extractEntry hacks/api.js
117 silly gunzTarPerm extractEntry hacks/verbose.js
118 silly gunzTarPerm extractEntry hacks/helpers.js
119 silly gentlyRm /usr/local/lib/node_modules/.staging/mongo-hacker-2e9869c3/node_modules is being purged
120 verbose gentlyRm don't care about contents; nuking /usr/local/lib/node_modules/.staging/mongo-hacker-2e9869c3/node_modules
121 silly doParallel preinstall 1
122 silly preinstall mongo-hacker@0.0.14 /usr/local/lib/node_modules/.staging/mongo-hacker-2e9869c3
123 info lifecycle mongo-hacker@0.0.14~preinstall: mongo-hacker@0.0.14
124 silly lifecycle mongo-hacker@0.0.14~preinstall: no script for preinstall, continuing
125 silly doReverseSerial remove 0
126 silly doSerial move 0
127 silly doSerial finalize 1
128 silly finalize /usr/local/lib/node_modules/mongo-hacker
129 silly doSerial build 1
130 silly build mongo-hacker@0.0.14
131 info linkStuff mongo-hacker@0.0.14
132 silly linkStuff mongo-hacker@0.0.14 has /usr/local/lib/node_modules as its parent node_modules
133 silly linkStuff mongo-hacker@0.0.14 is part of a global install
134 silly linkStuff mongo-hacker@0.0.14 is installed into a global node_modules
135 silly linkStuff mongo-hacker@0.0.14 is installed into the top-level global node_modules
136 verbose linkBins mongo-hacker@0.0.14
137 verbose linkMans mongo-hacker@0.0.14
138 silly doSerial global-link 0
139 silly doParallel update-linked 0
140 silly doSerial install 1
141 silly install mongo-hacker@0.0.14 /usr/local/lib/node_modules/.staging/mongo-hacker-2e9869c3
142 info lifecycle mongo-hacker@0.0.14~install: mongo-hacker@0.0.14
143 verbose lifecycle mongo-hacker@0.0.14~install: unsafe-perm in lifecycle false
144 verbose lifecycle mongo-hacker@0.0.14~install: PATH: /usr/local/lib/node_modules/npm/bin/node-gyp-bin:/usr/local/lib/node_modules/mongo-hacker/node_modules/.bin:/usr/local/lib/node_modules/.bin:/usr/local/sbin:/usr/local/bin:/usr/sbin:/usr/bin:/sbin:/bin:/snap/bin
145 verbose lifecycle mongo-hacker@0.0.14~install: CWD: /usr/local/lib/node_modules/mongo-hacker
146 silly lifecycle mongo-hacker@0.0.14~install: Args: [ '-c', 'make install' ]
147 silly lifecycle mongo-hacker@0.0.14~install: Returned: code: 2  signal: null
148 info lifecycle mongo-hacker@0.0.14~install: Failed to exec install script
149 verbose unlock done using /home/victor/.npm/_locks/staging-3a08f0df5026584d.lock for /usr/local/lib/node_modules/.staging
150 silly rollbackFailedOptional Starting
151 silly rollbackFailedOptional Finishing
152 silly runTopLevelLifecycles Finishing
153 silly install printInstalled
154 verbose stack Error: mongo-hacker@0.0.14 install: `make install`
154 verbose stack Exit status 2
154 verbose stack     at EventEmitter.<anonymous> (/usr/local/lib/node_modules/npm/lib/utils/lifecycle.js:255:16)
154 verbose stack     at emitTwo (events.js:106:13)
154 verbose stack     at EventEmitter.emit (events.js:191:7)
154 verbose stack     at ChildProcess.<anonymous> (/usr/local/lib/node_modules/npm/lib/utils/spawn.js:40:14)
154 verbose stack     at emitTwo (events.js:106:13)
154 verbose stack     at ChildProcess.emit (events.js:191:7)
154 verbose stack     at maybeClose (internal/child_process.js:877:16)
154 verbose stack     at Process.ChildProcess._handle.onexit (internal/child_process.js:226:5)
155 verbose pkgid mongo-hacker@0.0.14
156 verbose cwd /home/victor/foosboom-meteor
157 error Linux 3.19.0-32-generic
158 error argv "/usr/local/bin/node" "/usr/local/bin/npm" "install" "-g" "mongo-hacker"
159 error node v6.8.1
160 error npm  v3.10.8
161 error code ELIFECYCLE
162 error mongo-hacker@0.0.14 install: `make install`
162 error Exit status 2
163 error Failed at the mongo-hacker@0.0.14 install script 'make install'.
163 error Make sure you have the latest version of node.js and npm installed.
163 error If you do, this is most likely a problem with the mongo-hacker package,
163 error not with npm itself.
163 error Tell the author that this fails on your system:
163 error     make install
163 error You can get information on how to open an issue for this project with:
163 error     npm bugs mongo-hacker
163 error Or if that isn't available, you can get their info via:
163 error     npm owner ls mongo-hacker
163 error There is likely additional logging output above.
164 verbose exit [ 1, true ]
